<?xml version="1.0" encoding="UTF-8"?>
<!-- Generated by org.testng.reporters.JUnitReportReporter -->
<testsuite hostname="DESKTOP-S16EMTL" name="testpgm.NewTest" tests="1" failures="0" timestamp="24 Oct 2016 17:34:26 GMT" time="0.053" errors="0">
  <testcase name="f" time="0.053" classname="testpgm.NewTest"/>
</testsuite> <!-- testpgm.NewTest -->
