<?xml version="1.0" encoding="UTF-8"?>
<!-- Generated by org.testng.reporters.JUnitReportReporter -->
<testsuite hostname="DESKTOP-S16EMTL" name="testpgm.NewTest" tests="1" failures="0" timestamp="12 Nov 2017 07:12:31 GMT" time="0.010" errors="0">
  <testcase name="f" time="0.010" classname="testpgm.NewTest"/>
</testsuite> <!-- testpgm.NewTest -->
